-------------------------------------------------------------------------------
Test set: com.example.hotel.serviceTest.commentTest.CommentStatusServiceTest
-------------------------------------------------------------------------------
Tests run: 2, Failures: 1, Errors: 0, Skipped: 0, Time elapsed: 0.024 s <<< FAILURE! - in com.example.hotel.serviceTest.commentTest.CommentStatusServiceTest
getCommentStatus(com.example.hotel.serviceTest.commentTest.CommentStatusServiceTest)  Time elapsed: 0 s  <<< FAILURE!
java.lang.AssertionError: expected:<1> but was:<8>
	at com.example.hotel.serviceTest.commentTest.CommentStatusServiceTest.getCommentStatus(CommentStatusServiceTest.java:38)

