-------------------------------------------------------------------------------
Test set: com.example.hotel.daoTest.commentTest.CommentMapperTest
-------------------------------------------------------------------------------
Tests run: 2, Failures: 1, Errors: 0, Skipped: 0, Time elapsed: 0.043 s <<< FAILURE! - in com.example.hotel.daoTest.commentTest.CommentMapperTest
testDeleteComment(com.example.hotel.daoTest.commentTest.CommentMapperTest)  Time elapsed: 0.008 s  <<< FAILURE!
junit.framework.AssertionFailedError: expected:<1> but was:<0>
	at com.example.hotel.daoTest.commentTest.CommentMapperTest.testDeleteComment(CommentMapperTest.java:32)

