-------------------------------------------------------------------------------
Test set: com.example.hotel.ControllerTest.adminTest.AdminControllerTest
-------------------------------------------------------------------------------
Tests run: 1, Failures: 1, Errors: 0, Skipped: 0, Time elapsed: 8.65 s <<< FAILURE! - in com.example.hotel.ControllerTest.adminTest.AdminControllerTest
addManager(com.example.hotel.ControllerTest.adminTest.AdminControllerTest)  Time elapsed: 1.785 s  <<< FAILURE!
java.lang.AssertionError: expected:<true> but was:<false>
	at com.example.hotel.ControllerTest.adminTest.AdminControllerTest.addManager(AdminControllerTest.java:29)

