-------------------------------------------------------------------------------
Test set: com.example.hotel.daoTest.hotelTest.HotelMapperTest
-------------------------------------------------------------------------------
Tests run: 2, Failures: 1, Errors: 0, Skipped: 0, Time elapsed: 0.047 s <<< FAILURE! - in com.example.hotel.daoTest.hotelTest.HotelMapperTest
testSelectAllHotel(com.example.hotel.daoTest.hotelTest.HotelMapperTest)  Time elapsed: 0.007 s  <<< FAILURE!
junit.framework.AssertionFailedError: expected:<4> but was:<10>
	at com.example.hotel.daoTest.hotelTest.HotelMapperTest.testSelectAllHotel(HotelMapperTest.java:33)

