-------------------------------------------------------------------------------
Test set: com.example.hotel.ControllerTest.commentTest.CommentControllerTest
-------------------------------------------------------------------------------
Tests run: 1, Failures: 0, Errors: 1, Skipped: 0, Time elapsed: 0.03 s <<< FAILURE! - in com.example.hotel.ControllerTest.commentTest.CommentControllerTest
addComment(com.example.hotel.ControllerTest.commentTest.CommentControllerTest)  Time elapsed: 0 s  <<< ERROR!
java.lang.NullPointerException
	at com.example.hotel.ControllerTest.commentTest.CommentControllerTest.addComment(CommentControllerTest.java:26)

