-------------------------------------------------------------------------------
Test set: com.example.hotel.ControllerTest.UserTest.AccountControllerTest
-------------------------------------------------------------------------------
Tests run: 1, Failures: 0, Errors: 1, Skipped: 0, Time elapsed: 0.02 s <<< FAILURE! - in com.example.hotel.ControllerTest.UserTest.AccountControllerTest
login(com.example.hotel.ControllerTest.UserTest.AccountControllerTest)  Time elapsed: 0 s  <<< ERROR!
java.lang.NullPointerException
	at com.example.hotel.ControllerTest.UserTest.AccountControllerTest.login(AccountControllerTest.java:29)

