<?xml version="1.0" encoding="UTF-8"?>
<testsuite xmlns:xsi="http://www.w3.org/2001/XMLSchema-instance" xsi:noNamespaceSchemaLocation="https://maven.apache.org/surefire/maven-surefire-plugin/xsd/surefire-test-report.xsd" name="com.example.hotel.ControllerTest.adminTest.AdminControllerTest" time="8.65" tests="1" errors="0" skipped="0" failures="1">
  <properties>
[...]
</properties>
  <testcase name="addManager" classname="com.example.hotel.ControllerTest.adminTest.AdminControllerTest" time="1.785">
    <failure message="expected:&lt;true&gt; but was:&lt;false&gt;" type="java.lang.AssertionError"><![CDATA[java.lang.AssertionError: expected:<true> but was:<false>
	at com.example.hotel.ControllerTest.adminTest.AdminControllerTest.addManager(AdminControllerTest.java:29)
]]></failure>
    <system-out><![CDATA[21:26:15.931 [main] DEBUG org.springframework.test.context.junit4.SpringJUnit4ClassRunner - SpringJUnit4ClassRunner constructor called with [class com.example.hotel.ControllerTest.adminTest.AdminControllerTest]
21:26:15.941 [main] DEBUG org.springframework.test.context.BootstrapUtils - Instantiating CacheAwareContextLoaderDelegate from class [org.springframework.test.context.cache.DefaultCacheAwareContextLoaderDelegate]
21:26:15.951 [main] DEBUG org.springframework.test.context.BootstrapUtils - Instantiating BootstrapContext using constructor [public org.springframework.test.context.support.DefaultBootstrapContext(java.lang.Class,org.springframework.test.context.CacheAwareContextLoaderDelegate)]
21:26:15.971 [main] DEBUG org.springframework.test.context.BootstrapUtils - Instantiating TestContextBootstrapper for test class [com.example.hotel.ControllerTest.adminTest.AdminControllerTest] from class [org.springframework.boot.test.context.SpringBootTestContextBootstrapper]
21:26:15.986 [main] INFO org.springframework.boot.test.context.SpringBootTestContextBootstrapper - Neither @ContextConfiguration nor @ContextHierarchy found for test class [com.example.hotel.ControllerTest.adminTest.AdminControllerTest], using SpringBootContextLoader
21:26:15.986 [main] DEBUG org.springframework.test.context.support.AbstractContextLoader - Did not detect default resource location for test class [com.example.hotel.ControllerTest.adminTest.AdminControllerTest]: class path resource [com/example/hotel/ControllerTest/adminTest/AdminControllerTest-context.xml] does not exist
21:26:15.986 [main] DEBUG org.springframework.test.context.support.AbstractContextLoader - Did not detect default resource location for test class [com.example.hotel.ControllerTest.adminTest.AdminControllerTest]: class path resource [com/example/hotel/ControllerTest/adminTest/AdminControllerTestContext.groovy] does not exist
21:26:15.991 [main] INFO org.springframework.test.context.support.AbstractContextLoader - Could not detect default resource locations for test class [com.example.hotel.ControllerTest.adminTest.AdminControllerTest]: no resource found for suffixes {-context.xml, Context.groovy}.
21:26:15.991 [main] INFO org.springframework.test.context.support.AnnotationConfigContextLoaderUtils - Could not detect default configuration classes for test class [com.example.hotel.ControllerTest.adminTest.AdminControllerTest]: AdminControllerTest does not declare any static, non-private, non-final, nested classes annotated with @Configuration.
21:26:16.061 [main] DEBUG org.springframework.test.context.support.ActiveProfilesUtils - Could not find an 'annotation declaring class' for annotation type [org.springframework.test.context.ActiveProfiles] and class [com.example.hotel.ControllerTest.adminTest.AdminControllerTest]
21:26:16.141 [main] DEBUG org.springframework.context.annotation.ClassPathScanningCandidateComponentProvider - Identified candidate component class: file [C:\Users\xgs\IdeaProjects\hotel_manage_system\target\classes\com\example\hotel\HotelApplication.class]
21:26:16.151 [main] INFO org.springframework.boot.test.context.SpringBootTestContextBootstrapper - Found @SpringBootConfiguration com.example.hotel.HotelApplication for test class com.example.hotel.ControllerTest.adminTest.AdminControllerTest
21:26:16.241 [main] DEBUG org.springframework.boot.test.context.SpringBootTestContextBootstrapper - @TestExecutionListeners is not present for class [com.example.hotel.ControllerTest.adminTest.AdminControllerTest]: using defaults.
21:26:16.241 [main] INFO org.springframework.boot.test.context.SpringBootTestContextBootstrapper - Loaded default TestExecutionListener class names from location [META-INF/spring.factories]: [org.springframework.boot.test.mock.mockito.MockitoTestExecutionListener, org.springframework.boot.test.mock.mockito.ResetMocksTestExecutionListener, org.springframework.boot.test.autoconfigure.restdocs.RestDocsTestExecutionListener, org.springframework.boot.test.autoconfigure.web.client.MockRestServiceServerResetTestExecutionListener, org.springframework.boot.test.autoconfigure.web.servlet.MockMvcPrintOnlyOnFailureTestExecutionListener, org.springframework.boot.test.autoconfigure.web.servlet.WebDriverTestExecutionListener, org.springframework.test.context.web.ServletTestExecutionListener, org.springframework.test.context.support.DirtiesContextBeforeModesTestExecutionListener, org.springframework.test.context.support.DependencyInjectionTestExecutionListener, org.springframework.test.context.support.DirtiesContextTestExecutionListener, org.springframework.test.context.transaction.TransactionalTestExecutionListener, org.springframework.test.context.jdbc.SqlScriptsTestExecutionListener]
21:26:16.266 [main] INFO org.springframework.boot.test.context.SpringBootTestContextBootstrapper - Using TestExecutionListeners: [org.springframework.test.context.web.ServletTestExecutionListener@47eaca72, org.springframework.test.context.support.DirtiesContextBeforeModesTestExecutionListener@55141def, org.springframework.boot.test.mock.mockito.MockitoTestExecutionListener@55182842, org.springframework.boot.test.autoconfigure.SpringBootDependencyInjectionTestExecutionListener@3270d194, org.springframework.test.context.support.DirtiesContextTestExecutionListener@235834f2, org.springframework.test.context.transaction.TransactionalTestExecutionListener@5656be13, org.springframework.test.context.jdbc.SqlScriptsTestExecutionListener@4218d6a3, org.springframework.boot.test.mock.mockito.ResetMocksTestExecutionListener@76505305, org.springframework.boot.test.autoconfigure.restdocs.RestDocsTestExecutionListener@14cd1699, org.springframework.boot.test.autoconfigure.web.client.MockRestServiceServerResetTestExecutionListener@77888435, org.springframework.boot.test.autoconfigure.web.servlet.MockMvcPrintOnlyOnFailureTestExecutionListener@73a1e9a9, org.springframework.boot.test.autoconfigure.web.servlet.WebDriverTestExecutionListener@71d44a3]
21:26:16.266 [main] DEBUG org.springframework.test.annotation.ProfileValueUtils - Retrieved @ProfileValueSourceConfiguration [null] for test class [com.example.hotel.ControllerTest.adminTest.AdminControllerTest]
21:26:16.266 [main] DEBUG org.springframework.test.annotation.ProfileValueUtils - Retrieved ProfileValueSource type [class org.springframework.test.annotation.SystemProfileValueSource] for class [com.example.hotel.ControllerTest.adminTest.AdminControllerTest]
21:26:16.271 [main] DEBUG org.springframework.test.annotation.ProfileValueUtils - Retrieved @ProfileValueSourceConfiguration [null] for test class [com.example.hotel.ControllerTest.adminTest.AdminControllerTest]
21:26:16.271 [main] DEBUG org.springframework.test.annotation.ProfileValueUtils - Retrieved ProfileValueSource type [class org.springframework.test.annotation.SystemProfileValueSource] for class [com.example.hotel.ControllerTest.adminTest.AdminControllerTest]
21:26:16.271 [main] DEBUG org.springframework.test.annotation.ProfileValueUtils - Retrieved @ProfileValueSourceConfiguration [null] for test class [com.example.hotel.ControllerTest.adminTest.AdminControllerTest]
21:26:16.271 [main] DEBUG org.springframework.test.annotation.ProfileValueUtils - Retrieved ProfileValueSource type [class org.springframework.test.annotation.SystemProfileValueSource] for class [com.example.hotel.ControllerTest.adminTest.AdminControllerTest]
21:26:16.271 [main] DEBUG org.springframework.test.context.support.AbstractDirtiesContextTestExecutionListener - Before test class: context [DefaultTestContext@1d296da testClass = AdminControllerTest, testInstance = [null], testMethod = [null], testException = [null], mergedContextConfiguration = [WebMergedContextConfiguration@7c7a06ec testClass = AdminControllerTest, locations = '{}', classes = '{class com.example.hotel.HotelApplication}', contextInitializerClasses = '[]', activeProfiles = '{}', propertySourceLocations = '{}', propertySourceProperties = '{org.springframework.boot.test.context.SpringBootTestContextBootstrapper=true}', contextCustomizers = set[org.springframework.boot.test.context.filter.ExcludeFilterContextCustomizer@18bf3d14, org.springframework.boot.test.json.DuplicateJsonObjectContextCustomizerFactory$DuplicateJsonObjectContextCustomizer@782663d3, org.springframework.boot.test.mock.mockito.MockitoContextCustomizer@0, org.springframework.boot.test.web.client.TestRestTemplateContextCustomizer@77846d2c, org.springframework.boot.test.autoconfigure.properties.PropertyMappingContextCustomizer@0, org.springframework.boot.test.autoconfigure.web.servlet.WebDriverContextCustomizerFactory$Customizer@6dde5c8c], resourceBasePath = 'src/main/webapp', contextLoader = 'org.springframework.boot.test.context.SpringBootContextLoader', parent = [null]], attributes = map['org.springframework.test.context.web.ServletTestExecutionListener.activateListener' -> true]], class annotated with @DirtiesContext [false] with mode [null].
21:26:16.271 [main] DEBUG org.springframework.test.annotation.ProfileValueUtils - Retrieved @ProfileValueSourceConfiguration [null] for test class [com.example.hotel.ControllerTest.adminTest.AdminControllerTest]
21:26:16.271 [main] DEBUG org.springframework.test.annotation.ProfileValueUtils - Retrieved ProfileValueSource type [class org.springframework.test.annotation.SystemProfileValueSource] for class [com.example.hotel.ControllerTest.adminTest.AdminControllerTest]
21:26:16.301 [main] DEBUG org.springframework.test.context.support.TestPropertySourceUtils - Adding inlined properties to environment: {spring.jmx.enabled=false, org.springframework.boot.test.context.SpringBootTestContextBootstrapper=true, server.port=-1}

  .   ____          _            __ _ _
 /\\ / ___'_ __ _ _(_)_ __  __ _ \ \ \ \
( ( )\___ | '_ | '_| | '_ \/ _` | \ \ \ \
 \\/  ___)| |_)| | | | | || (_| |  ) ) ) )
  '  |____| .__|_| |_|_| |_\__, | / / / /
 =========|_|==============|___/=/_/_/_/
 :: Spring Boot ::        (v2.1.3.RELEASE)

2021-03-01 21:26:16.691  INFO 20092 --- [           main] c.e.h.C.adminTest.AdminControllerTest    : Starting AdminControllerTest on LAPTOP-SBCBPEQO with PID 20092 (started by xgs in C:\Users\xgs\IdeaProjects\hotel_manage_system)
2021-03-01 21:26:16.691  INFO 20092 --- [           main] c.e.h.C.adminTest.AdminControllerTest    : No active profile set, falling back to default profiles: default
2021-03-01 21:26:18.981  INFO 20092 --- [           main] trationDelegate$BeanPostProcessorChecker : Bean 'org.springframework.transaction.annotation.ProxyTransactionManagementConfiguration' of type [org.springframework.transaction.annotation.ProxyTransactionManagementConfiguration$$EnhancerBySpringCGLIB$$ba85943f] is not eligible for getting processed by all BeanPostProcessors (for example: not eligible for auto-proxying)
2021-03-01 21:26:20.804  INFO 20092 --- [           main] o.s.s.concurrent.ThreadPoolTaskExecutor  : Initializing ExecutorService 'applicationTaskExecutor'
2021-03-01 21:26:21.138  WARN 20092 --- [           main] ion$DefaultTemplateResolverConfiguration : Cannot find template location: classpath:/templates/ (please add some templates or check your Thymeleaf configuration)
2021-03-01 21:26:22.297  INFO 20092 --- [           main] o.s.s.c.ThreadPoolTaskScheduler          : Initializing ExecutorService 'taskScheduler'
2021-03-01 21:26:22.431  INFO 20092 --- [           main] o.s.b.a.e.web.EndpointLinksResolver      : Exposing 2 endpoint(s) beneath base path '/actuator'
2021-03-01 21:26:22.549  INFO 20092 --- [           main] c.e.h.C.adminTest.AdminControllerTest    : Started AdminControllerTest in 6.238 seconds (JVM running for 7.256)
2021-03-01 21:26:22.871  INFO 20092 --- [           main] com.zaxxer.hikari.HikariDataSource       : HikariPool-1 - Starting...
2021-03-01 21:26:24.271  INFO 20092 --- [           main] com.zaxxer.hikari.HikariDataSource       : HikariPool-1 - Start completed.

### Error updating database.  Cause: java.sql.SQLIntegrityConstraintViolationException: Duplicate entry '12345@qq.com' for key 'user.email'
### The error may exist in file [C:\Users\xgs\IdeaProjects\hotel_manage_system\target\classes\dataImpl\admin\AdminMapper.xml]
### The error may involve com.example.hotel.data.admin.AdminMapper.addManager-Inline
### The error occurred while setting parameters
### SQL: insert into User(email,password,usertype)         values(?,?,?)
### Cause: java.sql.SQLIntegrityConstraintViolationException: Duplicate entry '12345@qq.com' for key 'user.email'
; Duplicate entry '12345@qq.com' for key 'user.email'; nested exception is java.sql.SQLIntegrityConstraintViolationException: Duplicate entry '12345@qq.com' for key 'user.email'
账号已存在
]]></system-out>
  </testcase>
</testsuite>