<?xml version="1.0" encoding="UTF-8"?>
<testsuite xmlns:xsi="http://www.w3.org/2001/XMLSchema-instance" xsi:noNamespaceSchemaLocation="https://maven.apache.org/surefire/maven-surefire-plugin/xsd/surefire-test-report.xsd" name="com.example.hotel.daoTest.couponTest.CouponMapperTest" time="0.045" tests="2" errors="0" skipped="0" failures="1">
  <properties>
[...]
</properties>
  <testcase name="testDeleteCoupon" classname="com.example.hotel.daoTest.couponTest.CouponMapperTest" time="0.01">
    <failure message="expected:&lt;1&gt; but was:&lt;0&gt;" type="junit.framework.AssertionFailedError"><![CDATA[junit.framework.AssertionFailedError: expected:<1> but was:<0>
	at com.example.hotel.daoTest.couponTest.CouponMapperTest.testDeleteCoupon(CouponMapperTest.java:31)
]]></failure>
    <system-out><![CDATA[2021-03-01 21:26:24.940  INFO 20092 --- [           main] .b.t.c.SpringBootTestContextBootstrapper : Neither @ContextConfiguration nor @ContextHierarchy found for test class [com.example.hotel.daoTest.couponTest.CouponMapperTest], using SpringBootContextLoader
2021-03-01 21:26:24.942  INFO 20092 --- [           main] o.s.t.c.support.AbstractContextLoader    : Could not detect default resource locations for test class [com.example.hotel.daoTest.couponTest.CouponMapperTest]: no resource found for suffixes {-context.xml, Context.groovy}.
2021-03-01 21:26:24.942  INFO 20092 --- [           main] t.c.s.AnnotationConfigContextLoaderUtils : Could not detect default configuration classes for test class [com.example.hotel.daoTest.couponTest.CouponMapperTest]: CouponMapperTest does not declare any static, non-private, non-final, nested classes annotated with @Configuration.
2021-03-01 21:26:24.962  INFO 20092 --- [           main] .b.t.c.SpringBootTestContextBootstrapper : Found @SpringBootConfiguration com.example.hotel.HotelApplication for test class com.example.hotel.daoTest.couponTest.CouponMapperTest
2021-03-01 21:26:24.962  INFO 20092 --- [           main] .b.t.c.SpringBootTestContextBootstrapper : Loaded default TestExecutionListener class names from location [META-INF/spring.factories]: [org.springframework.boot.test.mock.mockito.MockitoTestExecutionListener, org.springframework.boot.test.mock.mockito.ResetMocksTestExecutionListener, org.springframework.boot.test.autoconfigure.restdocs.RestDocsTestExecutionListener, org.springframework.boot.test.autoconfigure.web.client.MockRestServiceServerResetTestExecutionListener, org.springframework.boot.test.autoconfigure.web.servlet.MockMvcPrintOnlyOnFailureTestExecutionListener, org.springframework.boot.test.autoconfigure.web.servlet.WebDriverTestExecutionListener, org.springframework.test.context.web.ServletTestExecutionListener, org.springframework.test.context.support.DirtiesContextBeforeModesTestExecutionListener, org.springframework.test.context.support.DependencyInjectionTestExecutionListener, org.springframework.test.context.support.DirtiesContextTestExecutionListener, org.springframework.test.context.transaction.TransactionalTestExecutionListener, org.springframework.test.context.jdbc.SqlScriptsTestExecutionListener]
2021-03-01 21:26:24.962  INFO 20092 --- [           main] .b.t.c.SpringBootTestContextBootstrapper : Using TestExecutionListeners: [org.springframework.test.context.web.ServletTestExecutionListener@279126f5, org.springframework.test.context.support.DirtiesContextBeforeModesTestExecutionListener@7781263c, org.springframework.boot.test.mock.mockito.MockitoTestExecutionListener@5fdd97c1, org.springframework.boot.test.autoconfigure.SpringBootDependencyInjectionTestExecutionListener@3b5a19ed, org.springframework.test.context.support.DirtiesContextTestExecutionListener@15d236fd, org.springframework.test.context.transaction.TransactionalTestExecutionListener@6b9c42bd, org.springframework.test.context.jdbc.SqlScriptsTestExecutionListener@584ca390, org.springframework.boot.test.mock.mockito.ResetMocksTestExecutionListener@33324c05, org.springframework.boot.test.autoconfigure.restdocs.RestDocsTestExecutionListener@37d3e140, org.springframework.boot.test.autoconfigure.web.client.MockRestServiceServerResetTestExecutionListener@3e53c4ad, org.springframework.boot.test.autoconfigure.web.servlet.MockMvcPrintOnlyOnFailureTestExecutionListener@33eb0d4, org.springframework.boot.test.autoconfigure.web.servlet.WebDriverTestExecutionListener@224d86d2]
]]></system-out>
  </testcase>
  <testcase name="testInsertCoupon" classname="com.example.hotel.daoTest.couponTest.CouponMapperTest" time="0.009"/>
</testsuite>